<?xml version="1.0" encoding="UTF-8"?>
<!-- Generated by org.testng.reporters.JUnitReportReporter -->
<testsuite hostname="thanigai-PC" failures="0" tests="1" name="script.TestRun" time="61.442" errors="0" timestamp="26 Sep 2018 10:05:46 GMT" skipped="0">
  <testcase classname="script.TestRun" name="run" time="61.442"/>
</testsuite> <!-- script.TestRun -->
