<?xml version="1.0" encoding="UTF-8"?>
<!-- Generated by org.testng.reporters.JUnitReportReporter -->
<testsuite hostname="thanigai-PC" failures="0" tests="1" name="script.TestRun" time="65.578" errors="0" timestamp="25 Sep 2018 10:12:20 GMT" skipped="0">
  <testcase classname="script.TestRun" name="run" time="65.578"/>
</testsuite> <!-- script.TestRun -->
